2025-12-03T17:34:55.934Z [INFO]  [37m[1m○[22m[39m Compiling /login ...
2025-12-03T17:34:57.021Z [INFO]  [32m[1m✓[22m[39m Compiled /login in 1621ms (3394 modules)
2025-12-03T17:35:04.463Z [INFO]  [37m[1m○[22m[39m Compiling / ...
2025-12-03T17:35:05.595Z [INFO]  [32m[1m✓[22m[39m Compiled / in 1725ms (3404 modules)
2025-12-03T17:35:11.662Z [INFO]  [37m[1m○[22m[39m Compiling /api/auth/signin ...
2025-12-03T17:35:12.374Z [INFO]  [32m[1m✓[22m[39m Compiled /api/auth/signin in 1267ms (3406 modules)
2025-12-03T17:35:13.792Z [INFO]  [37m[1m○[22m[39m Compiling /dashboard ...
2025-12-03T17:35:13.792Z [INFO]  [37m[1m○[22m[39m Compiling /dashboard ...
2025-12-03T17:35:20.281Z [INFO]  [32m[1m✓[22m[39m Compiled /dashboard in 7s (4464 modules)
2025-12-03T17:35:20.282Z [INFO]  [32m[1m✓[22m[39m Compiled /dashboard in 7s (4464 modules)
2025-12-03T17:35:22.766Z [INFO]  [37m[1m○[22m[39m Compiling /api/dashboard/summary ...
2025-12-03T17:35:22.766Z [INFO]  [37m[1m○[22m[39m Compiling /api/dashboard/summary ...
2025-12-03T17:35:27.782Z [INFO]  [32m[1m✓[22m[39m Compiled /api/dashboard/summary in 5.5s (4462 modules)
2025-12-03T17:35:27.782Z [INFO]  [32m[1m✓[22m[39m Compiled /api/dashboard/summary in 5.5s (4462 modules)
2025-12-03T18:11:50.781Z [INFO]  [32m[1m✓[22m[39m Compiled in 2.2s (1512 modules)
2025-12-03T18:11:50.782Z [INFO]  [32m[1m✓[22m[39m Compiled in 2.2s (1512 modules)
2025-12-03T18:13:38.302Z [INFO]  [32m[1m✓[22m[39m Compiled in 1284ms (1512 modules)
2025-12-03T18:13:38.303Z [INFO]  [32m[1m✓[22m[39m Compiled in 1284ms (1512 modules)
2025-12-03T18:14:27.811Z [INFO]  [32m[1m✓[22m[39m Compiled in 608ms (1512 modules)
2025-12-03T18:14:27.812Z [INFO]  [32m[1m✓[22m[39m Compiled in 608ms (1512 modules)
2025-12-03T18:14:32.666Z [INFO]  [37m[1m○[22m[39m Compiling /api/assets ...
2025-12-03T18:14:32.666Z [INFO]  [37m[1m○[22m[39m Compiling /api/assets ...
2025-12-03T18:14:32.800Z [INFO]  [32m[1m✓[22m[39m Compiled /api/assets in 637ms (1532 modules)
2025-12-03T18:14:32.801Z [INFO]  [32m[1m✓[22m[39m Compiled /api/assets in 637ms (1532 modules)
2025-12-03T18:14:35.601Z [INFO]  [32m[1m✓[22m[39m Compiled in 2ms (1579 modules)
2025-12-03T18:14:35.602Z [INFO]  [32m[1m✓[22m[39m Compiled in 2ms (1579 modules)
2025-12-03T18:14:36.266Z [INFO]  [32m[1m✓[22m[39m Compiled in 1ms (1579 modules)
2025-12-03T18:14:36.267Z [INFO]  [32m[1m✓[22m[39m Compiled in 1ms (1579 modules)
2025-12-03T18:14:36.959Z [INFO]  [32m[1m✓[22m[39m Compiled in 0ms (1579 modules)
2025-12-03T18:14:36.960Z [INFO]  [32m[1m✓[22m[39m Compiled in 0ms (1579 modules)
2025-12-03T18:43:04.324Z [INFO]  [37m[1m○[22m[39m Compiling /settings ...
2025-12-03T18:43:04.324Z [INFO]  [37m[1m○[22m[39m Compiling /settings ...
2025-12-03T18:43:16.279Z [INFO]  [32m[1m✓[22m[39m Compiled /settings in 13s (6040 modules)
2025-12-03T18:43:16.280Z [INFO]  [32m[1m✓[22m[39m Compiled /settings in 13s (6040 modules)
2025-12-03T18:43:18.217Z [INFO]  [37m[1m○[22m[39m Compiling /api/db/config ...
2025-12-03T18:43:18.222Z [INFO]  [37m[1m○[22m[39m Compiling /api/db/config ...
2025-12-03T18:43:19.181Z [INFO]  [32m[1m✓[22m[39m Compiled /api/db/config in 1541ms (3170 modules)
2025-12-03T18:43:19.182Z [INFO]  [32m[1m✓[22m[39m Compiled /api/db/config in 1541ms (3170 modules)
2025-12-03T18:43:21.925Z [INFO]  [32m[1m✓[22m[39m Compiled in 1581ms (2890 modules)
2025-12-03T18:43:21.925Z [INFO]  [32m[1m✓[22m[39m Compiled in 1581ms (2890 modules)
2025-12-03T18:43:25.195Z [INFO]  [37m[1m○[22m[39m Compiling /_error ...
2025-12-03T18:43:25.195Z [INFO]  [37m[1m○[22m[39m Compiling /_error ...
2025-12-03T18:43:40.679Z [INFO]  [32m[1m✓[22m[39m Compiled /api/mail/config in 17.9s (6449 modules)
2025-12-03T18:43:40.679Z [INFO]  [32m[1m✓[22m[39m Compiled /api/mail/config in 17.9s (6449 modules)
